2024-05-30T07:41:40.434+09:00  INFO 3656 --- [todo_app] [restartedMain] io.nology.todo_app.TodoAppApplication    : Starting TodoAppApplication using Java 22.0.1 with PID 3656 (C:\BrickinIt\Nology\beAwesome-Backend\target\classes started by JudasJefferson in C:\BrickinIt\Nology\beAwesome-Backend)
2024-05-30T07:41:40.449+09:00  INFO 3656 --- [todo_app] [restartedMain] io.nology.todo_app.TodoAppApplication    : No active profile set, falling back to 1 default profile: "default"
2024-05-30T07:41:40.535+09:00  INFO 3656 --- [todo_app] [restartedMain] .e.DevToolsPropertyDefaultsPostProcessor : Devtools property defaults active! Set 'spring.devtools.add-properties' to 'false' to disable
2024-05-30T07:41:40.538+09:00  INFO 3656 --- [todo_app] [restartedMain] .e.DevToolsPropertyDefaultsPostProcessor : For additional web related logging consider setting the 'logging.level.web' property to 'DEBUG'
2024-05-30T07:41:41.529+09:00  INFO 3656 --- [todo_app] [restartedMain] .s.d.r.c.RepositoryConfigurationDelegate : Bootstrapping Spring Data JPA repositories in DEFAULT mode.
2024-05-30T07:41:41.610+09:00  INFO 3656 --- [todo_app] [restartedMain] .s.d.r.c.RepositoryConfigurationDelegate : Finished Spring Data repository scanning in 61 ms. Found 1 JPA repository interface.
2024-05-30T07:41:42.393+09:00  INFO 3656 --- [todo_app] [restartedMain] o.s.b.w.embedded.tomcat.TomcatWebServer  : Tomcat initialized with port 8080 (http)
2024-05-30T07:41:42.415+09:00  INFO 3656 --- [todo_app] [restartedMain] o.apache.catalina.core.StandardService   : Starting service [Tomcat]
2024-05-30T07:41:42.416+09:00  INFO 3656 --- [todo_app] [restartedMain] o.apache.catalina.core.StandardEngine    : Starting Servlet engine: [Apache Tomcat/10.1.20]
2024-05-30T07:41:42.481+09:00  INFO 3656 --- [todo_app] [restartedMain] o.a.c.c.C.[Tomcat].[localhost].[/]       : Initializing Spring embedded WebApplicationContext
2024-05-30T07:41:42.481+09:00  INFO 3656 --- [todo_app] [restartedMain] w.s.c.ServletWebServerApplicationContext : Root WebApplicationContext: initialization completed in 1941 ms
2024-05-30T07:41:42.657+09:00  INFO 3656 --- [todo_app] [restartedMain] o.hibernate.jpa.internal.util.LogHelper  : HHH000204: Processing PersistenceUnitInfo [name: default]
2024-05-30T07:41:42.743+09:00  INFO 3656 --- [todo_app] [restartedMain] org.hibernate.Version                    : HHH000412: Hibernate ORM core version 6.4.4.Final
2024-05-30T07:41:42.783+09:00  INFO 3656 --- [todo_app] [restartedMain] o.h.c.internal.RegionFactoryInitiator    : HHH000026: Second-level cache disabled
2024-05-30T07:41:43.085+09:00  INFO 3656 --- [todo_app] [restartedMain] o.s.o.j.p.SpringPersistenceUnitInfo      : No LoadTimeWeaver setup: ignoring JPA class transformer
2024-05-30T07:41:43.127+09:00  INFO 3656 --- [todo_app] [restartedMain] com.zaxxer.hikari.HikariDataSource       : HikariPool-1 - Starting...
2024-05-30T07:41:43.557+09:00  INFO 3656 --- [todo_app] [restartedMain] com.zaxxer.hikari.pool.HikariPool        : HikariPool-1 - Added connection com.mysql.cj.jdbc.ConnectionImpl@41ad2b0f
2024-05-30T07:41:43.557+09:00  INFO 3656 --- [todo_app] [restartedMain] com.zaxxer.hikari.HikariDataSource       : HikariPool-1 - Start completed.
2024-05-30T07:41:44.656+09:00  INFO 3656 --- [todo_app] [restartedMain] o.h.e.t.j.p.i.JtaPlatformInitiator       : HHH000489: No JTA platform available (set 'hibernate.transaction.jta.platform' to enable JTA platform integration)
2024-05-30T07:41:44.719+09:00  INFO 3656 --- [todo_app] [restartedMain] j.LocalContainerEntityManagerFactoryBean : Initialized JPA EntityManagerFactory for persistence unit 'default'
2024-05-30T07:41:45.275+09:00  WARN 3656 --- [todo_app] [restartedMain] JpaBaseConfiguration$JpaWebConfiguration : spring.jpa.open-in-view is enabled by default. Therefore, database queries may be performed during view rendering. Explicitly configure spring.jpa.open-in-view to disable this warning
2024-05-30T07:41:45.768+09:00  INFO 3656 --- [todo_app] [restartedMain] o.s.b.d.a.OptionalLiveReloadServer       : LiveReload server is running on port 35729
2024-05-30T07:41:45.831+09:00  INFO 3656 --- [todo_app] [restartedMain] o.s.b.w.embedded.tomcat.TomcatWebServer  : Tomcat started on port 8080 (http) with context path ''
2024-05-30T07:41:45.847+09:00  INFO 3656 --- [todo_app] [restartedMain] io.nology.todo_app.TodoAppApplication    : Started TodoAppApplication in 5.94 seconds (process running for 6.501)
2024-05-30T07:43:14.580+09:00  INFO 3656 --- [todo_app] [http-nio-8080-exec-3] o.a.c.c.C.[Tomcat].[localhost].[/]       : Initializing Spring DispatcherServlet 'dispatcherServlet'
2024-05-30T07:43:14.584+09:00  INFO 3656 --- [todo_app] [http-nio-8080-exec-3] o.s.web.servlet.DispatcherServlet        : Initializing Servlet 'dispatcherServlet'
2024-05-30T07:43:14.588+09:00  INFO 3656 --- [todo_app] [http-nio-8080-exec-3] o.s.web.servlet.DispatcherServlet        : Completed initialization in 4 ms
2024-05-30T07:43:14.702+09:00  INFO 3656 --- [todo_app] [http-nio-8080-exec-3] i.n.todo_app.config.LoggingInterceptor   : Incoming request: GET /todos
2024-05-30T07:43:14.702+09:00  INFO 3656 --- [todo_app] [http-nio-8080-exec-2] i.n.todo_app.config.LoggingInterceptor   : Incoming request: GET /todos
2024-05-30T07:43:15.150+09:00  INFO 3656 --- [todo_app] [http-nio-8080-exec-2] i.n.t.todopost.TodoPostController        : GET /todos - Fetched all posts
2024-05-30T07:43:15.150+09:00  INFO 3656 --- [todo_app] [http-nio-8080-exec-3] i.n.t.todopost.TodoPostController        : GET /todos - Fetched all posts
2024-05-30T07:43:15.300+09:00  INFO 3656 --- [todo_app] [http-nio-8080-exec-2] i.n.todo_app.config.LoggingInterceptor   : Completed request: GET /todos with status 200
2024-05-30T07:43:15.300+09:00  INFO 3656 --- [todo_app] [http-nio-8080-exec-3] i.n.todo_app.config.LoggingInterceptor   : Completed request: GET /todos with status 200
2024-05-30T07:43:20.601+09:00  INFO 3656 --- [todo_app] [http-nio-8080-exec-4] i.n.todo_app.config.LoggingInterceptor   : Incoming request: OPTIONS /todos/14
2024-05-30T07:43:20.601+09:00  INFO 3656 --- [todo_app] [http-nio-8080-exec-4] i.n.todo_app.config.LoggingInterceptor   : Completed request: OPTIONS /todos/14 with status 200
2024-05-30T07:43:20.617+09:00  INFO 3656 --- [todo_app] [http-nio-8080-exec-5] i.n.todo_app.config.LoggingInterceptor   : Incoming request: DELETE /todos/14
2024-05-30T07:43:20.664+09:00  INFO 3656 --- [todo_app] [http-nio-8080-exec-5] i.n.todo_app.todopost.TodoPostService    : Deleted TodoPost with id: 14
2024-05-30T07:43:20.698+09:00  INFO 3656 --- [todo_app] [http-nio-8080-exec-5] i.n.t.todopost.TodoPostController        : DELETE /todos/14 - Deleted post
2024-05-30T07:43:20.698+09:00  INFO 3656 --- [todo_app] [http-nio-8080-exec-5] i.n.todo_app.config.LoggingInterceptor   : Completed request: DELETE /todos/14 with status 204
2024-05-30T07:44:00.053+09:00  INFO 3656 --- [todo_app] [http-nio-8080-exec-6] i.n.todo_app.config.LoggingInterceptor   : Incoming request: OPTIONS /todos/1
2024-05-30T07:44:00.055+09:00  INFO 3656 --- [todo_app] [http-nio-8080-exec-6] i.n.todo_app.config.LoggingInterceptor   : Completed request: OPTIONS /todos/1 with status 200
2024-05-30T07:44:00.062+09:00  INFO 3656 --- [todo_app] [http-nio-8080-exec-7] i.n.todo_app.config.LoggingInterceptor   : Incoming request: PATCH /todos/1
2024-05-30T07:44:00.204+09:00  INFO 3656 --- [todo_app] [http-nio-8080-exec-7] i.n.todo_app.todopost.TodoPostService    : Updated TodoPost with id: 1
2024-05-30T07:44:00.289+09:00  INFO 3656 --- [todo_app] [http-nio-8080-exec-7] i.n.t.todopost.TodoPostController        : PATCH /todos/1 - Updated post
2024-05-30T07:44:00.294+09:00  INFO 3656 --- [todo_app] [http-nio-8080-exec-7] i.n.todo_app.config.LoggingInterceptor   : Completed request: PATCH /todos/1 with status 200
2024-05-30T07:44:01.792+09:00  INFO 3656 --- [todo_app] [http-nio-8080-exec-8] i.n.todo_app.config.LoggingInterceptor   : Incoming request: OPTIONS /todos/15
2024-05-30T07:44:01.793+09:00  INFO 3656 --- [todo_app] [http-nio-8080-exec-8] i.n.todo_app.config.LoggingInterceptor   : Completed request: OPTIONS /todos/15 with status 200
2024-05-30T07:44:01.803+09:00  INFO 3656 --- [todo_app] [http-nio-8080-exec-9] i.n.todo_app.config.LoggingInterceptor   : Incoming request: PATCH /todos/15
2024-05-30T07:44:01.810+09:00  INFO 3656 --- [todo_app] [http-nio-8080-exec-9] i.n.todo_app.todopost.TodoPostService    : Updated TodoPost with id: 15
2024-05-30T07:44:01.829+09:00  INFO 3656 --- [todo_app] [http-nio-8080-exec-9] i.n.t.todopost.TodoPostController        : PATCH /todos/15 - Updated post
2024-05-30T07:44:01.834+09:00  INFO 3656 --- [todo_app] [http-nio-8080-exec-9] i.n.todo_app.config.LoggingInterceptor   : Completed request: PATCH /todos/15 with status 200
2024-05-30T07:44:03.868+09:00  INFO 3656 --- [todo_app] [http-nio-8080-exec-10] i.n.todo_app.config.LoggingInterceptor   : Incoming request: OPTIONS /todos/12
2024-05-30T07:44:03.869+09:00  INFO 3656 --- [todo_app] [http-nio-8080-exec-10] i.n.todo_app.config.LoggingInterceptor   : Completed request: OPTIONS /todos/12 with status 200
2024-05-30T07:44:03.872+09:00  INFO 3656 --- [todo_app] [http-nio-8080-exec-1] i.n.todo_app.config.LoggingInterceptor   : Incoming request: PATCH /todos/12
2024-05-30T07:44:03.885+09:00  INFO 3656 --- [todo_app] [http-nio-8080-exec-1] i.n.todo_app.todopost.TodoPostService    : Updated TodoPost with id: 12
2024-05-30T07:44:03.893+09:00  INFO 3656 --- [todo_app] [http-nio-8080-exec-1] i.n.t.todopost.TodoPostController        : PATCH /todos/12 - Updated post
2024-05-30T07:44:03.899+09:00  INFO 3656 --- [todo_app] [http-nio-8080-exec-1] i.n.todo_app.config.LoggingInterceptor   : Completed request: PATCH /todos/12 with status 200
2024-05-30T07:44:05.268+09:00  INFO 3656 --- [todo_app] [http-nio-8080-exec-2] i.n.todo_app.config.LoggingInterceptor   : Incoming request: PATCH /todos/15
2024-05-30T07:44:05.285+09:00  INFO 3656 --- [todo_app] [http-nio-8080-exec-2] i.n.todo_app.todopost.TodoPostService    : Updated TodoPost with id: 15
2024-05-30T07:44:05.301+09:00  INFO 3656 --- [todo_app] [http-nio-8080-exec-2] i.n.t.todopost.TodoPostController        : PATCH /todos/15 - Updated post
2024-05-30T07:44:05.305+09:00  INFO 3656 --- [todo_app] [http-nio-8080-exec-2] i.n.todo_app.config.LoggingInterceptor   : Completed request: PATCH /todos/15 with status 200
2024-05-30T07:44:05.312+09:00  INFO 3656 --- [todo_app] [http-nio-8080-exec-3] i.n.todo_app.config.LoggingInterceptor   : Incoming request: PATCH /todos/1
2024-05-30T07:44:05.328+09:00  INFO 3656 --- [todo_app] [http-nio-8080-exec-3] i.n.todo_app.todopost.TodoPostService    : Updated TodoPost with id: 1
2024-05-30T07:44:05.344+09:00  INFO 3656 --- [todo_app] [http-nio-8080-exec-3] i.n.t.todopost.TodoPostController        : PATCH /todos/1 - Updated post
2024-05-30T07:44:05.351+09:00  INFO 3656 --- [todo_app] [http-nio-8080-exec-3] i.n.todo_app.config.LoggingInterceptor   : Completed request: PATCH /todos/1 with status 200
2024-05-30T07:44:05.357+09:00  INFO 3656 --- [todo_app] [http-nio-8080-exec-4] i.n.todo_app.config.LoggingInterceptor   : Incoming request: PATCH /todos/12
2024-05-30T07:44:05.371+09:00  INFO 3656 --- [todo_app] [http-nio-8080-exec-4] i.n.todo_app.todopost.TodoPostService    : Updated TodoPost with id: 12
2024-05-30T07:44:05.373+09:00  INFO 3656 --- [todo_app] [http-nio-8080-exec-4] i.n.t.todopost.TodoPostController        : PATCH /todos/12 - Updated post
2024-05-30T07:44:05.376+09:00  INFO 3656 --- [todo_app] [http-nio-8080-exec-4] i.n.todo_app.config.LoggingInterceptor   : Completed request: PATCH /todos/12 with status 200
2024-05-30T07:44:09.362+09:00  INFO 3656 --- [todo_app] [http-nio-8080-exec-5] i.n.todo_app.config.LoggingInterceptor   : Incoming request: PATCH /todos/1
2024-05-30T07:44:09.371+09:00  INFO 3656 --- [todo_app] [http-nio-8080-exec-5] i.n.todo_app.todopost.TodoPostService    : Updated TodoPost with id: 1
2024-05-30T07:44:09.386+09:00  INFO 3656 --- [todo_app] [http-nio-8080-exec-5] i.n.t.todopost.TodoPostController        : PATCH /todos/1 - Updated post
2024-05-30T07:44:09.389+09:00  INFO 3656 --- [todo_app] [http-nio-8080-exec-5] i.n.todo_app.config.LoggingInterceptor   : Completed request: PATCH /todos/1 with status 200
2024-05-30T08:36:22.076+09:00  INFO 3656 --- [todo_app] [File Watcher] rtingClassPathChangeChangedEventListener : Restarting due to 1 class path change (0 additions, 0 deletions, 1 modification)
2024-05-30T08:36:22.094+09:00  INFO 3656 --- [todo_app] [Thread-5] j.LocalContainerEntityManagerFactoryBean : Closing JPA EntityManagerFactory for persistence unit 'default'
2024-05-30T08:36:22.099+09:00  INFO 3656 --- [todo_app] [Thread-5] com.zaxxer.hikari.HikariDataSource       : HikariPool-1 - Shutdown initiated...
2024-05-30T08:36:22.108+09:00  INFO 3656 --- [todo_app] [Thread-5] com.zaxxer.hikari.HikariDataSource       : HikariPool-1 - Shutdown completed.
2024-05-30T08:36:22.296+09:00  INFO 3656 --- [todo_app] [restartedMain] io.nology.todo_app.TodoAppApplication    : Starting TodoAppApplication using Java 22.0.1 with PID 3656 (C:\BrickinIt\Nology\beAwesome-Backend\target\classes started by JudasJefferson in C:\BrickinIt\Nology\beAwesome-Backend)
2024-05-30T08:36:22.298+09:00  INFO 3656 --- [todo_app] [restartedMain] io.nology.todo_app.TodoAppApplication    : No active profile set, falling back to 1 default profile: "default"
2024-05-30T08:36:22.588+09:00  INFO 3656 --- [todo_app] [restartedMain] .s.d.r.c.RepositoryConfigurationDelegate : Bootstrapping Spring Data JPA repositories in DEFAULT mode.
2024-05-30T08:36:22.596+09:00  INFO 3656 --- [todo_app] [restartedMain] .s.d.r.c.RepositoryConfigurationDelegate : Finished Spring Data repository scanning in 7 ms. Found 1 JPA repository interface.
2024-05-30T08:36:22.709+09:00  INFO 3656 --- [todo_app] [restartedMain] o.s.b.w.embedded.tomcat.TomcatWebServer  : Tomcat initialized with port 8080 (http)
2024-05-30T08:36:22.712+09:00  INFO 3656 --- [todo_app] [restartedMain] o.apache.catalina.core.StandardService   : Starting service [Tomcat]
2024-05-30T08:36:22.713+09:00  INFO 3656 --- [todo_app] [restartedMain] o.apache.catalina.core.StandardEngine    : Starting Servlet engine: [Apache Tomcat/10.1.20]
2024-05-30T08:36:22.736+09:00  INFO 3656 --- [todo_app] [restartedMain] o.a.c.c.C.[Tomcat].[localhost].[/]       : Initializing Spring embedded WebApplicationContext
2024-05-30T08:36:22.737+09:00  INFO 3656 --- [todo_app] [restartedMain] w.s.c.ServletWebServerApplicationContext : Root WebApplicationContext: initialization completed in 433 ms
2024-05-30T08:36:22.793+09:00  INFO 3656 --- [todo_app] [restartedMain] o.hibernate.jpa.internal.util.LogHelper  : HHH000204: Processing PersistenceUnitInfo [name: default]
2024-05-30T08:36:22.796+09:00  INFO 3656 --- [todo_app] [restartedMain] o.h.c.internal.RegionFactoryInitiator    : HHH000026: Second-level cache disabled
2024-05-30T08:36:22.803+09:00  INFO 3656 --- [todo_app] [restartedMain] o.s.o.j.p.SpringPersistenceUnitInfo      : No LoadTimeWeaver setup: ignoring JPA class transformer
2024-05-30T08:36:22.806+09:00  INFO 3656 --- [todo_app] [restartedMain] com.zaxxer.hikari.HikariDataSource       : HikariPool-2 - Starting...
2024-05-30T08:36:22.823+09:00  INFO 3656 --- [todo_app] [restartedMain] com.zaxxer.hikari.pool.HikariPool        : HikariPool-2 - Added connection com.mysql.cj.jdbc.ConnectionImpl@4719c175
2024-05-30T08:36:22.825+09:00  INFO 3656 --- [todo_app] [restartedMain] com.zaxxer.hikari.HikariDataSource       : HikariPool-2 - Start completed.
2024-05-30T08:36:22.934+09:00  INFO 3656 --- [todo_app] [restartedMain] o.h.e.t.j.p.i.JtaPlatformInitiator       : HHH000489: No JTA platform available (set 'hibernate.transaction.jta.platform' to enable JTA platform integration)
2024-05-30T08:36:22.962+09:00  INFO 3656 --- [todo_app] [restartedMain] j.LocalContainerEntityManagerFactoryBean : Initialized JPA EntityManagerFactory for persistence unit 'default'
2024-05-30T08:36:23.143+09:00  WARN 3656 --- [todo_app] [restartedMain] JpaBaseConfiguration$JpaWebConfiguration : spring.jpa.open-in-view is enabled by default. Therefore, database queries may be performed during view rendering. Explicitly configure spring.jpa.open-in-view to disable this warning
2024-05-30T08:36:23.496+09:00  INFO 3656 --- [todo_app] [restartedMain] o.s.b.d.a.OptionalLiveReloadServer       : LiveReload server is running on port 35729
2024-05-30T08:36:23.516+09:00  INFO 3656 --- [todo_app] [restartedMain] o.s.b.w.embedded.tomcat.TomcatWebServer  : Tomcat started on port 8080 (http) with context path ''
2024-05-30T08:36:23.521+09:00  INFO 3656 --- [todo_app] [restartedMain] io.nology.todo_app.TodoAppApplication    : Started TodoAppApplication in 1.299 seconds (process running for 3284.17)
2024-05-30T08:36:23.525+09:00  INFO 3656 --- [todo_app] [restartedMain] .ConditionEvaluationDeltaLoggingListener : Condition evaluation unchanged
2024-05-30T08:36:24.944+09:00  INFO 3656 --- [todo_app] [File Watcher] rtingClassPathChangeChangedEventListener : Restarting due to 1 class path change (0 additions, 0 deletions, 1 modification)
2024-05-30T08:36:24.944+09:00  INFO 3656 --- [todo_app] [Thread-7] j.LocalContainerEntityManagerFactoryBean : Closing JPA EntityManagerFactory for persistence unit 'default'
2024-05-30T08:36:24.944+09:00  INFO 3656 --- [todo_app] [Thread-7] com.zaxxer.hikari.HikariDataSource       : HikariPool-2 - Shutdown initiated...
2024-05-30T08:36:24.959+09:00  INFO 3656 --- [todo_app] [Thread-7] com.zaxxer.hikari.HikariDataSource       : HikariPool-2 - Shutdown completed.
2024-05-30T08:36:25.078+09:00  INFO 3656 --- [todo_app] [restartedMain] io.nology.todo_app.TodoAppApplication    : Starting TodoAppApplication using Java 22.0.1 with PID 3656 (C:\BrickinIt\Nology\beAwesome-Backend\target\classes started by JudasJefferson in C:\BrickinIt\Nology\beAwesome-Backend)
2024-05-30T08:36:25.078+09:00  INFO 3656 --- [todo_app] [restartedMain] io.nology.todo_app.TodoAppApplication    : No active profile set, falling back to 1 default profile: "default"
2024-05-30T08:36:25.343+09:00  INFO 3656 --- [todo_app] [restartedMain] .s.d.r.c.RepositoryConfigurationDelegate : Bootstrapping Spring Data JPA repositories in DEFAULT mode.
2024-05-30T08:36:25.364+09:00  INFO 3656 --- [todo_app] [restartedMain] .s.d.r.c.RepositoryConfigurationDelegate : Finished Spring Data repository scanning in 13 ms. Found 1 JPA repository interface.
2024-05-30T08:36:25.477+09:00  INFO 3656 --- [todo_app] [restartedMain] o.s.b.w.embedded.tomcat.TomcatWebServer  : Tomcat initialized with port 8080 (http)
2024-05-30T08:36:25.477+09:00  INFO 3656 --- [todo_app] [restartedMain] o.apache.catalina.core.StandardService   : Starting service [Tomcat]
2024-05-30T08:36:25.477+09:00  INFO 3656 --- [todo_app] [restartedMain] o.apache.catalina.core.StandardEngine    : Starting Servlet engine: [Apache Tomcat/10.1.20]
2024-05-30T08:36:25.508+09:00  INFO 3656 --- [todo_app] [restartedMain] o.a.c.c.C.[Tomcat].[localhost].[/]       : Initializing Spring embedded WebApplicationContext
2024-05-30T08:36:25.509+09:00  INFO 3656 --- [todo_app] [restartedMain] w.s.c.ServletWebServerApplicationContext : Root WebApplicationContext: initialization completed in 431 ms
2024-05-30T08:36:25.544+09:00  INFO 3656 --- [todo_app] [restartedMain] o.hibernate.jpa.internal.util.LogHelper  : HHH000204: Processing PersistenceUnitInfo [name: default]
2024-05-30T08:36:25.544+09:00  INFO 3656 --- [todo_app] [restartedMain] o.h.c.internal.RegionFactoryInitiator    : HHH000026: Second-level cache disabled
2024-05-30T08:36:25.558+09:00  INFO 3656 --- [todo_app] [restartedMain] o.s.o.j.p.SpringPersistenceUnitInfo      : No LoadTimeWeaver setup: ignoring JPA class transformer
2024-05-30T08:36:25.560+09:00  INFO 3656 --- [todo_app] [restartedMain] com.zaxxer.hikari.HikariDataSource       : HikariPool-3 - Starting...
2024-05-30T08:36:25.577+09:00  INFO 3656 --- [todo_app] [restartedMain] com.zaxxer.hikari.pool.HikariPool        : HikariPool-3 - Added connection com.mysql.cj.jdbc.ConnectionImpl@4a50409
2024-05-30T08:36:25.577+09:00  INFO 3656 --- [todo_app] [restartedMain] com.zaxxer.hikari.HikariDataSource       : HikariPool-3 - Start completed.
2024-05-30T08:36:25.645+09:00  INFO 3656 --- [todo_app] [restartedMain] o.h.e.t.j.p.i.JtaPlatformInitiator       : HHH000489: No JTA platform available (set 'hibernate.transaction.jta.platform' to enable JTA platform integration)
2024-05-30T08:36:25.662+09:00  INFO 3656 --- [todo_app] [restartedMain] j.LocalContainerEntityManagerFactoryBean : Initialized JPA EntityManagerFactory for persistence unit 'default'
2024-05-30T08:36:25.809+09:00  WARN 3656 --- [todo_app] [restartedMain] JpaBaseConfiguration$JpaWebConfiguration : spring.jpa.open-in-view is enabled by default. Therefore, database queries may be performed during view rendering. Explicitly configure spring.jpa.open-in-view to disable this warning
2024-05-30T08:36:25.948+09:00  INFO 3656 --- [todo_app] [restartedMain] o.s.b.d.a.OptionalLiveReloadServer       : LiveReload server is running on port 35729
2024-05-30T08:36:25.958+09:00  INFO 3656 --- [todo_app] [restartedMain] o.s.b.w.embedded.tomcat.TomcatWebServer  : Tomcat started on port 8080 (http) with context path ''
2024-05-30T08:36:25.958+09:00  INFO 3656 --- [todo_app] [restartedMain] io.nology.todo_app.TodoAppApplication    : Started TodoAppApplication in 0.93 seconds (process running for 3286.618)
2024-05-30T08:36:25.958+09:00  INFO 3656 --- [todo_app] [restartedMain] .ConditionEvaluationDeltaLoggingListener : Condition evaluation unchanged
2024-05-30T08:36:27.392+09:00  INFO 3656 --- [todo_app] [File Watcher] rtingClassPathChangeChangedEventListener : Restarting due to 1 class path change (0 additions, 0 deletions, 1 modification)
2024-05-30T08:36:27.392+09:00  INFO 3656 --- [todo_app] [Thread-11] j.LocalContainerEntityManagerFactoryBean : Closing JPA EntityManagerFactory for persistence unit 'default'
2024-05-30T08:36:27.392+09:00  INFO 3656 --- [todo_app] [Thread-11] com.zaxxer.hikari.HikariDataSource       : HikariPool-3 - Shutdown initiated...
2024-05-30T08:36:27.406+09:00  INFO 3656 --- [todo_app] [Thread-11] com.zaxxer.hikari.HikariDataSource       : HikariPool-3 - Shutdown completed.
2024-05-30T08:36:27.490+09:00  INFO 3656 --- [todo_app] [restartedMain] io.nology.todo_app.TodoAppApplication    : Starting TodoAppApplication using Java 22.0.1 with PID 3656 (C:\BrickinIt\Nology\beAwesome-Backend\target\classes started by JudasJefferson in C:\BrickinIt\Nology\beAwesome-Backend)
2024-05-30T08:36:27.490+09:00  INFO 3656 --- [todo_app] [restartedMain] io.nology.todo_app.TodoAppApplication    : No active profile set, falling back to 1 default profile: "default"
2024-05-30T08:36:27.724+09:00  INFO 3656 --- [todo_app] [restartedMain] .s.d.r.c.RepositoryConfigurationDelegate : Bootstrapping Spring Data JPA repositories in DEFAULT mode.
2024-05-30T08:36:27.724+09:00  INFO 3656 --- [todo_app] [restartedMain] .s.d.r.c.RepositoryConfigurationDelegate : Finished Spring Data repository scanning in 7 ms. Found 1 JPA repository interface.
2024-05-30T08:36:27.825+09:00  INFO 3656 --- [todo_app] [restartedMain] o.s.b.w.embedded.tomcat.TomcatWebServer  : Tomcat initialized with port 8080 (http)
2024-05-30T08:36:27.825+09:00  INFO 3656 --- [todo_app] [restartedMain] o.apache.catalina.core.StandardService   : Starting service [Tomcat]
2024-05-30T08:36:27.825+09:00  INFO 3656 --- [todo_app] [restartedMain] o.apache.catalina.core.StandardEngine    : Starting Servlet engine: [Apache Tomcat/10.1.20]
2024-05-30T08:36:27.855+09:00  INFO 3656 --- [todo_app] [restartedMain] o.a.c.c.C.[Tomcat].[localhost].[/]       : Initializing Spring embedded WebApplicationContext
2024-05-30T08:36:27.856+09:00  INFO 3656 --- [todo_app] [restartedMain] w.s.c.ServletWebServerApplicationContext : Root WebApplicationContext: initialization completed in 366 ms
2024-05-30T08:36:27.892+09:00  INFO 3656 --- [todo_app] [restartedMain] o.hibernate.jpa.internal.util.LogHelper  : HHH000204: Processing PersistenceUnitInfo [name: default]
2024-05-30T08:36:27.908+09:00  INFO 3656 --- [todo_app] [restartedMain] o.h.c.internal.RegionFactoryInitiator    : HHH000026: Second-level cache disabled
2024-05-30T08:36:27.908+09:00  INFO 3656 --- [todo_app] [restartedMain] o.s.o.j.p.SpringPersistenceUnitInfo      : No LoadTimeWeaver setup: ignoring JPA class transformer
2024-05-30T08:36:27.908+09:00  INFO 3656 --- [todo_app] [restartedMain] com.zaxxer.hikari.HikariDataSource       : HikariPool-4 - Starting...
2024-05-30T08:36:27.926+09:00  INFO 3656 --- [todo_app] [restartedMain] com.zaxxer.hikari.pool.HikariPool        : HikariPool-4 - Added connection com.mysql.cj.jdbc.ConnectionImpl@7a63848a
2024-05-30T08:36:27.926+09:00  INFO 3656 --- [todo_app] [restartedMain] com.zaxxer.hikari.HikariDataSource       : HikariPool-4 - Start completed.
2024-05-30T08:36:27.990+09:00  INFO 3656 --- [todo_app] [restartedMain] o.h.e.t.j.p.i.JtaPlatformInitiator       : HHH000489: No JTA platform available (set 'hibernate.transaction.jta.platform' to enable JTA platform integration)
2024-05-30T08:36:28.007+09:00  INFO 3656 --- [todo_app] [restartedMain] j.LocalContainerEntityManagerFactoryBean : Initialized JPA EntityManagerFactory for persistence unit 'default'
2024-05-30T08:36:28.097+09:00  WARN 3656 --- [todo_app] [restartedMain] JpaBaseConfiguration$JpaWebConfiguration : spring.jpa.open-in-view is enabled by default. Therefore, database queries may be performed during view rendering. Explicitly configure spring.jpa.open-in-view to disable this warning
2024-05-30T08:36:28.244+09:00  INFO 3656 --- [todo_app] [restartedMain] o.s.b.d.a.OptionalLiveReloadServer       : LiveReload server is running on port 35729
2024-05-30T08:36:28.256+09:00  INFO 3656 --- [todo_app] [restartedMain] o.s.b.w.embedded.tomcat.TomcatWebServer  : Tomcat started on port 8080 (http) with context path ''
2024-05-30T08:36:28.256+09:00  INFO 3656 --- [todo_app] [restartedMain] io.nology.todo_app.TodoAppApplication    : Started TodoAppApplication in 0.796 seconds (process running for 3288.91)
2024-05-30T08:36:28.256+09:00  INFO 3656 --- [todo_app] [restartedMain] .ConditionEvaluationDeltaLoggingListener : Condition evaluation unchanged
